[2026-05-18 19:37:13] local.ERROR: Command "test" is not defined.

Did you mean one of these?
    make:test
    schedule:test {"exception":"[object] (Symfony\\Component\\Console\\Exception\\CommandNotFoundException(code: 0): Command \"test\" is not defined.

Did you mean one of these?
    make:test
    schedule:test at C:/Users/USER/StudioProjects/Miftah Alumni Hub/miftah_api/vendor/symfony/console/Application.php:759)
[stacktrace]
#0 C:/Users/USER/StudioProjects/Miftah Alumni Hub/miftah_api/vendor/symfony/console/Application.php(298): Symfony/Component/Console/Application->find()
#1 C:/Users/USER/StudioProjects/Miftah Alumni Hub/miftah_api/vendor/symfony/console/Application.php(195): Symfony/Component/Console/Application->doRun()
#2 C:/Users/USER/StudioProjects/Miftah Alumni Hub/miftah_api/vendor/laravel/framework/src/Illuminate/Foundation/Console/Kernel.php(198): Symfony/Component/Console/Application->run()
#3 C:/Users/USER/StudioProjects/Miftah Alumni Hub/miftah_api/vendor/laravel/framework/src/Illuminate/Foundation/Application.php(1235): Illuminate/Foundation/Console/Kernel->handle()
#4 C:/Users/USER/StudioProjects/Miftah Alumni Hub/miftah_api/artisan(13): Illuminate/Foundation/Application->handleCommand()
#5 {main}
"} 
[2026-05-18 19:53:39] testing.ERROR: Call to undefined method Laravel\Sanctum\TransientToken::delete() {"userId":1,"exception":"[object] (Error(code: 0): Call to undefined method Laravel\\Sanctum\\TransientToken::delete() at C:/Users/USER/StudioProjects/Miftah Alumni Hub/miftah_api/app/Http/Controllers/Api/AuthController.php:62)
[stacktrace]
#0 C:/Users/USER/StudioProjects/Miftah Alumni Hub/miftah_api/vendor/laravel/framework/src/Illuminate/Routing/ControllerDispatcher.php(47): App/Http/Controllers/Api/AuthController->logout()
#1 C:/Users/USER/StudioProjects/Miftah Alumni Hub/miftah_api/vendor/laravel/framework/src/Illuminate/Routing/Route.php(266): Illuminate/Routing/ControllerDispatcher->dispatch()
#2 C:/Users/USER/StudioProjects/Miftah Alumni Hub/miftah_api/vendor/laravel/framework/src/Illuminate/Routing/Route.php(212): Illuminate/Routing/Route->runController()
#3 C:/Users/USER/StudioProjects/Miftah Alumni Hub/miftah_api/vendor/laravel/framework/src/Illuminate/Routing/Router.php(808): Illuminate/Routing/Route->run()
#4 C:/Users/USER/StudioProjects/Miftah Alumni Hub/miftah_api/vendor/laravel/framework/src/Illuminate/Pipeline/Pipeline.php(170): Illuminate/Routing/Router->{closure:Illuminate/Routing/Router::runRouteWithinStack():807}()
#5 C:/Users/USER/StudioProjects/Miftah Alumni Hub/miftah_api/vendor/laravel/framework/src/Illuminate/Routing/Middleware/SubstituteBindings.php(51): Illuminate/Pipeline/Pipeline->{closure:Illuminate/Pipeline/Pipeline::prepareDestination():168}()
#6 C:/Users/USER/StudioProjects/Miftah Alumni Hub/miftah_api/vendor/laravel/framework/src/Illuminate/Pipeline/Pipeline.php(209): Illuminate/Routing/Middleware/SubstituteBindings->handle()
#7 C:/Users/USER/StudioProjects/Miftah Alumni Hub/miftah_api/vendor/laravel/framework/src/Illuminate/Auth/Middleware/Authenticate.php(64): Illuminate/Pipeline/Pipeline->{closure:{closure:Illuminate/Pipeline/Pipeline::carry():184}:185}()
#8 C:/Users/USER/StudioProjects/Miftah Alumni Hub/miftah_api/vendor/laravel/framework/src/Illuminate/Pipeline/Pipeline.php(209): Illuminate/Auth/Middleware/Authenticate->handle()
#9 C:/Users/USER/StudioProjects/Miftah Alumni Hub/miftah_api/vendor/laravel/framework/src/Illuminate/Pipeline/Pipeline.php(127): Illuminate/Pipeline/Pipeline->{closure:{closure:Illuminate/Pipeline/Pipeline::carry():184}:185}()
#10 C:/Users/USER/StudioProjects/Miftah Alumni Hub/miftah_api/vendor/laravel/framework/src/Illuminate/Routing/Router.php(807): Illuminate/Pipeline/Pipeline->then()
#11 C:/Users/USER/StudioProjects/Miftah Alumni Hub/miftah_api/vendor/laravel/framework/src/Illuminate/Routing/Router.php(786): Illuminate/Routing/Router->runRouteWithinStack()
#12 C:/Users/USER/StudioProjects/Miftah Alumni Hub/miftah_api/vendor/laravel/framework/src/Illuminate/Routing/Router.php(750): Illuminate/Routing/Router->runRoute()
#13 C:/Users/USER/StudioProjects/Miftah Alumni Hub/miftah_api/vendor/laravel/framework/src/Illuminate/Routing/Router.php(739): Illuminate/Routing/Router->dispatchToRoute()
#14 C:/Users/USER/StudioProjects/Miftah Alumni Hub/miftah_api/vendor/laravel/framework/src/Illuminate/Foundation/Http/Kernel.php(201): Illuminate/Routing/Router->dispatch()
#15 C:/Users/USER/StudioProjects/Miftah Alumni Hub/miftah_api/vendor/laravel/framework/src/Illuminate/Pipeline/Pipeline.php(170): Illuminate/Foundation/Http/Kernel->{closure:Illuminate/Foundation/Http/Kernel::dispatchToRouter():198}()
#16 C:/Users/USER/StudioProjects/Miftah Alumni Hub/miftah_api/vendor/laravel/framework/src/Illuminate/Foundation/Http/Middleware/TransformsRequest.php(21): Illuminate/Pipeline/Pipeline->{closure:Illuminate/Pipeline/Pipeline::prepareDestination():168}()
#17 C:/Users/USER/StudioProjects/Miftah Alumni Hub/miftah_api/vendor/laravel/framework/src/Illuminate/Foundation/Http/Middleware/ConvertEmptyStringsToNull.php(31): Illuminate/Foundation/Http/Middleware/TransformsRequest->handle()
#18 C:/Users/USER/StudioProjects/Miftah Alumni Hub/miftah_api/vendor/laravel/framework/src/Illuminate/Pipeline/Pipeline.php(209): Illuminate/Foundation/Http/Middleware/ConvertEmptyStringsToNull->handle()
#19 C:/Users/USER/StudioProjects/Miftah Alumni Hub/miftah_api/vendor/laravel/framework/src/Illuminate/Foundation/Http/Middleware/TransformsRequest.php(21): Illuminate/Pipeline/Pipeline->{closure:{closure:Illuminate/Pipeline/Pipeline::carry():184}:185}()
#20 C:/Users/USER/StudioProjects/Miftah Alumni Hub/miftah_api/vendor/laravel/framework/src/Illuminate/Foundation/Http/Middleware/TrimStrings.php(51): Illuminate/Foundation/Http/Middleware/TransformsRequest->handle()
#21 C:/Users/USER/StudioProjects/Miftah Alumni Hub/miftah_api/vendor/laravel/framework/src/Illuminate/Pipeline/Pipeline.php(209): Illuminate/Foundation/Http/Middleware/TrimStrings->handle()
#22 C:/Users/USER/StudioProjects/Miftah Alumni Hub/miftah_api/vendor/laravel/framework/src/Illuminate/Http/Middleware/ValidatePostSize.php(27): Illuminate/Pipeline/Pipeline->{closure:{closure:Illuminate/Pipeline/Pipeline::carry():184}:185}()
#23 C:/Users/USER/StudioProjects/Miftah Alumni Hub/miftah_api/vendor/laravel/framework/src/Illuminate/Pipeline/Pipeline.php(209): Illuminate/Http/Middleware/ValidatePostSize->handle()
#24 C:/Users/USER/StudioProjects/Miftah Alumni Hub/miftah_api/vendor/laravel/framework/src/Illuminate/Foundation/Http/Middleware/PreventRequestsDuringMaintenance.php(110): Illuminate/Pipeline/Pipeline->{closure:{closure:Illuminate/Pipeline/Pipeline::carry():184}:185}()
#25 C:/Users/USER/StudioProjects/Miftah Alumni Hub/miftah_api/vendor/laravel/framework/src/Illuminate/Pipeline/Pipeline.php(209): Illuminate/Foundation/Http/Middleware/PreventRequestsDuringMaintenance->handle()
#26 C:/Users/USER/StudioProjects/Miftah Alumni Hub/miftah_api/vendor/laravel/framework/src/Illuminate/Http/Middleware/HandleCors.php(62): Illuminate/Pipeline/Pipeline->{closure:{closure:Illuminate/Pipeline/Pipeline::carry():184}:185}()
#27 C:/Users/USER/StudioProjects/Miftah Alumni Hub/miftah_api/vendor/laravel/framework/src/Illuminate/Pipeline/Pipeline.php(209): Illuminate/Http/Middleware/HandleCors->handle()
#28 C:/Users/USER/StudioProjects/Miftah Alumni Hub/miftah_api/vendor/laravel/framework/src/Illuminate/Http/Middleware/TrustProxies.php(58): Illuminate/Pipeline/Pipeline->{closure:{closure:Illuminate/Pipeline/Pipeline::carry():184}:185}()
#29 C:/Users/USER/StudioProjects/Miftah Alumni Hub/miftah_api/vendor/laravel/framework/src/Illuminate/Pipeline/Pipeline.php(209): Illuminate/Http/Middleware/TrustProxies->handle()
#30 C:/Users/USER/StudioProjects/Miftah Alumni Hub/miftah_api/vendor/laravel/framework/src/Illuminate/Foundation/Http/Middleware/InvokeDeferredCallbacks.php(22): Illuminate/Pipeline/Pipeline->{closure:{closure:Illuminate/Pipeline/Pipeline::carry():184}:185}()
#31 C:/Users/USER/StudioProjects/Miftah Alumni Hub/miftah_api/vendor/laravel/framework/src/Illuminate/Pipeline/Pipeline.php(209): Illuminate/Foundation/Http/Middleware/InvokeDeferredCallbacks->handle()
#32 C:/Users/USER/StudioProjects/Miftah Alumni Hub/miftah_api/vendor/laravel/framework/src/Illuminate/Pipeline/Pipeline.php(127): Illuminate/Pipeline/Pipeline->{closure:{closure:Illuminate/Pipeline/Pipeline::carry():184}:185}()
#33 C:/Users/USER/StudioProjects/Miftah Alumni Hub/miftah_api/vendor/laravel/framework/src/Illuminate/Foundation/Http/Kernel.php(176): Illuminate/Pipeline/Pipeline->then()
#34 C:/Users/USER/StudioProjects/Miftah Alumni Hub/miftah_api/vendor/laravel/framework/src/Illuminate/Foundation/Http/Kernel.php(145): Illuminate/Foundation/Http/Kernel->sendRequestThroughRouter()
#35 C:/Users/USER/StudioProjects/Miftah Alumni Hub/miftah_api/vendor/laravel/framework/src/Illuminate/Foundation/Testing/Concerns/MakesHttpRequests.php(607): Illuminate/Foundation/Http/Kernel->handle()
#36 C:/Users/USER/StudioProjects/Miftah Alumni Hub/miftah_api/vendor/laravel/framework/src/Illuminate/Foundation/Testing/Concerns/MakesHttpRequests.php(573): Illuminate/Foundation/Testing/TestCase->call()
#37 C:/Users/USER/StudioProjects/Miftah Alumni Hub/miftah_api/vendor/laravel/framework/src/Illuminate/Foundation/Testing/Concerns/MakesHttpRequests.php(411): Illuminate/Foundation/Testing/TestCase->json()
#38 C:/Users/USER/StudioProjects/Miftah Alumni Hub/miftah_api/tests/Feature/MiftahApiTest.php(117): Illuminate/Foundation/Testing/TestCase->postJson()
#39 C:/Users/USER/StudioProjects/Miftah Alumni Hub/miftah_api/vendor/phpunit/phpunit/src/Framework/TestCase.php(1548): Tests/Feature/MiftahApiTest->authenticated_user_can_access_me_profile_and_logout()
#40 C:/Users/USER/StudioProjects/Miftah Alumni Hub/miftah_api/vendor/phpunit/phpunit/src/Framework/TestCase.php(686): PHPUnit/Framework/TestCase->runTest()
#41 C:/Users/USER/StudioProjects/Miftah Alumni Hub/miftah_api/vendor/phpunit/phpunit/src/Framework/TestRunner.php(106): PHPUnit/Framework/TestCase->runBare()
#42 C:/Users/USER/StudioProjects/Miftah Alumni Hub/miftah_api/vendor/phpunit/phpunit/src/Framework/TestCase.php(516): PHPUnit/Framework/TestRunner->run()
#43 C:/Users/USER/StudioProjects/Miftah Alumni Hub/miftah_api/vendor/phpunit/phpunit/src/Framework/TestSuite.php(374): PHPUnit/Framework/TestCase->run()
#44 C:/Users/USER/StudioProjects/Miftah Alumni Hub/miftah_api/vendor/phpunit/phpunit/src/Framework/TestSuite.php(374): PHPUnit/Framework/TestSuite->run()
#45 C:/Users/USER/StudioProjects/Miftah Alumni Hub/miftah_api/vendor/phpunit/phpunit/src/Framework/TestSuite.php(374): PHPUnit/Framework/TestSuite->run()
#46 C:/Users/USER/StudioProjects/Miftah Alumni Hub/miftah_api/vendor/phpunit/phpunit/src/TextUI/TestRunner.php(64): PHPUnit/Framework/TestSuite->run()
#47 C:/Users/USER/StudioProjects/Miftah Alumni Hub/miftah_api/vendor/phpunit/phpunit/src/TextUI/Application.php(204): PHPUnit/TextUI/TestRunner->run()
#48 C:/Users/USER/StudioProjects/Miftah Alumni Hub/miftah_api/vendor/phpunit/phpunit/phpunit(104): PHPUnit/TextUI/Application->run()
#49 {main}
"} 
[2026-05-20 15:43:16] local.ERROR: Command "config:clearphp" is not defined.

Did you mean one of these?
    config:cache
    config:clear
    config:publish
    config:show {"exception":"[object] (Symfony\\Component\\Console\\Exception\\CommandNotFoundException(code: 0): Command \"config:clearphp\" is not defined.

Did you mean one of these?
    config:cache
    config:clear
    config:publish
    config:show at C:/Users/USER/StudioProjects/Miftah Alumni Hub/miftah_api/vendor/symfony/console/Application.php:759)
[stacktrace]
#0 C:/Users/USER/StudioProjects/Miftah Alumni Hub/miftah_api/vendor/symfony/console/Application.php(298): Symfony/Component/Console/Application->find()
#1 C:/Users/USER/StudioProjects/Miftah Alumni Hub/miftah_api/vendor/symfony/console/Application.php(195): Symfony/Component/Console/Application->doRun()
#2 C:/Users/USER/StudioProjects/Miftah Alumni Hub/miftah_api/vendor/laravel/framework/src/Illuminate/Foundation/Console/Kernel.php(198): Symfony/Component/Console/Application->run()
#3 C:/Users/USER/StudioProjects/Miftah Alumni Hub/miftah_api/vendor/laravel/framework/src/Illuminate/Foundation/Application.php(1235): Illuminate/Foundation/Console/Kernel->handle()
#4 C:/Users/USER/StudioProjects/Miftah Alumni Hub/miftah_api/artisan(13): Illuminate/Foundation/Application->handleCommand()
#5 {main}
"} 
[2026-05-22 10:58:35] local.ERROR: SQLSTATE[HY000] [1045] Access denied for user 'daynappc_miftah_user'@'localhost' (using password: YES) (Connection: mysql, SQL: select exists (select 1 from information_schema.tables where table_schema = 'daynappc_miftah_api_db' and table_name = 'migrations' and table_type in ('BASE TABLE', 'SYSTEM VERSIONED')) as `exists`) {"exception":"[object] (Illuminate\\Database\\QueryException(code: 1045): SQLSTATE[HY000] [1045] Access denied for user 'daynappc_miftah_user'@'localhost' (using password: YES) (Connection: mysql, SQL: select exists (select 1 from information_schema.tables where table_schema = 'daynappc_miftah_api_db' and table_name = 'migrations' and table_type in ('BASE TABLE', 'SYSTEM VERSIONED')) as `exists`) at C:/Users/USER/StudioProjects/Miftah Alumni Hub/miftah_api/vendor/laravel/framework/src/Illuminate/Database/Connection.php:825)
[stacktrace]
#0 C:/Users/USER/StudioProjects/Miftah Alumni Hub/miftah_api/vendor/laravel/framework/src/Illuminate/Database/Connection.php(779): Illuminate/Database/Connection->runQueryCallback()
#1 C:/Users/USER/StudioProjects/Miftah Alumni Hub/miftah_api/vendor/laravel/framework/src/Illuminate/Database/Connection.php(398): Illuminate/Database/Connection->run()
#2 C:/Users/USER/StudioProjects/Miftah Alumni Hub/miftah_api/vendor/laravel/framework/src/Illuminate/Database/Connection.php(344): Illuminate/Database/Connection->select()
#3 C:/Users/USER/StudioProjects/Miftah Alumni Hub/miftah_api/vendor/laravel/framework/src/Illuminate/Database/Connection.php(361): Illuminate/Database/Connection->selectOne()
#4 C:/Users/USER/StudioProjects/Miftah Alumni Hub/miftah_api/vendor/laravel/framework/src/Illuminate/Database/Schema/MySqlBuilder.php(45): Illuminate/Database/Connection->scalar()
#5 C:/Users/USER/StudioProjects/Miftah Alumni Hub/miftah_api/vendor/laravel/framework/src/Illuminate/Database/Migrations/DatabaseMigrationRepository.php(184): Illuminate/Database/Schema/MySqlBuilder->hasTable()
#6 C:/Users/USER/StudioProjects/Miftah Alumni Hub/miftah_api/vendor/laravel/framework/src/Illuminate/Database/Migrations/Migrator.php(742): Illuminate/Database/Migrations/DatabaseMigrationRepository->repositoryExists()
#7 C:/Users/USER/StudioProjects/Miftah Alumni Hub/miftah_api/vendor/laravel/framework/src/Illuminate/Database/Console/Migrations/StatusCommand.php(56): Illuminate/Database/Migrations/Migrator->repositoryExists()
#8 C:/Users/USER/StudioProjects/Miftah Alumni Hub/miftah_api/vendor/laravel/framework/src/Illuminate/Database/Migrations/Migrator.php(658): Illuminate/Database/Console/Migrations/StatusCommand->{closure:Illuminate/Database/Console/Migrations/StatusCommand::handle():55}()
#9 C:/Users/USER/StudioProjects/Miftah Alumni Hub/miftah_api/vendor/laravel/framework/src/Illuminate/Database/Console/Migrations/StatusCommand.php(55): Illuminate/Database/Migrations/Migrator->usingConnection()
#10 C:/Users/USER/StudioProjects/Miftah Alumni Hub/miftah_api/vendor/laravel/framework/src/Illuminate/Container/BoundMethod.php(36): Illuminate/Database/Console/Migrations/StatusCommand->handle()
#11 C:/Users/USER/StudioProjects/Miftah Alumni Hub/miftah_api/vendor/laravel/framework/src/Illuminate/Container/Util.php(43): Illuminate/Container/BoundMethod::{closure:Illuminate/Container/BoundMethod::call():35}()
#12 C:/Users/USER/StudioProjects/Miftah Alumni Hub/miftah_api/vendor/laravel/framework/src/Illuminate/Container/BoundMethod.php(95): Illuminate/Container/Util::unwrapIfClosure()
#13 C:/Users/USER/StudioProjects/Miftah Alumni Hub/miftah_api/vendor/laravel/framework/src/Illuminate/Container/BoundMethod.php(35): Illuminate/Container/BoundMethod::callBoundMethod()
#14 C:/Users/USER/StudioProjects/Miftah Alumni Hub/miftah_api/vendor/laravel/framework/src/Illuminate/Container/Container.php(696): Illuminate/Container/BoundMethod::call()
#15 C:/Users/USER/StudioProjects/Miftah Alumni Hub/miftah_api/vendor/laravel/framework/src/Illuminate/Console/Command.php(213): Illuminate/Container/Container->call()
#16 C:/Users/USER/StudioProjects/Miftah Alumni Hub/miftah_api/vendor/symfony/console/Command/Command.php(341): Illuminate/Console/Command->execute()
#17 C:/Users/USER/StudioProjects/Miftah Alumni Hub/miftah_api/vendor/laravel/framework/src/Illuminate/Console/Command.php(182): Symfony/Component/Console/Command/Command->run()
#18 C:/Users/USER/StudioProjects/Miftah Alumni Hub/miftah_api/vendor/symfony/console/Application.php(1117): Illuminate/Console/Command->run()
#19 C:/Users/USER/StudioProjects/Miftah Alumni Hub/miftah_api/vendor/symfony/console/Application.php(356): Symfony/Component/Console/Application->doRunCommand()
#20 C:/Users/USER/StudioProjects/Miftah Alumni Hub/miftah_api/vendor/symfony/console/Application.php(195): Symfony/Component/Console/Application->doRun()
#21 C:/Users/USER/StudioProjects/Miftah Alumni Hub/miftah_api/vendor/laravel/framework/src/Illuminate/Foundation/Console/Kernel.php(198): Symfony/Component/Console/Application->run()
#22 C:/Users/USER/StudioProjects/Miftah Alumni Hub/miftah_api/vendor/laravel/framework/src/Illuminate/Foundation/Application.php(1235): Illuminate/Foundation/Console/Kernel->handle()
#23 C:/Users/USER/StudioProjects/Miftah Alumni Hub/miftah_api/artisan(13): Illuminate/Foundation/Application->handleCommand()
#24 {main}

[previous exception] [object] (PDOException(code: 1045): SQLSTATE[HY000] [1045] Access denied for user 'daynappc_miftah_user'@'localhost' (using password: YES) at C:/Users/USER/StudioProjects/Miftah Alumni Hub/miftah_api/vendor/laravel/framework/src/Illuminate/Database/Connectors/Connector.php:67)
[stacktrace]
#0 C:/Users/USER/StudioProjects/Miftah Alumni Hub/miftah_api/vendor/laravel/framework/src/Illuminate/Database/Connectors/Connector.php(67): PDO::connect()
#1 C:/Users/USER/StudioProjects/Miftah Alumni Hub/miftah_api/vendor/laravel/framework/src/Illuminate/Database/Connectors/Connector.php(44): Illuminate/Database/Connectors/Connector->createPdoConnection()
#2 C:/Users/USER/StudioProjects/Miftah Alumni Hub/miftah_api/vendor/laravel/framework/src/Illuminate/Database/Connectors/MySqlConnector.php(24): Illuminate/Database/Connectors/Connector->createConnection()
#3 C:/Users/USER/StudioProjects/Miftah Alumni Hub/miftah_api/vendor/laravel/framework/src/Illuminate/Database/Connectors/ConnectionFactory.php(185): Illuminate/Database/Connectors/MySqlConnector->connect()
#4 [internal function]: Illuminate/Database/Connectors/ConnectionFactory->{closure:Illuminate/Database/Connectors/ConnectionFactory::createPdoResolverWithHosts():180}()
#5 C:/Users/USER/StudioProjects/Miftah Alumni Hub/miftah_api/vendor/laravel/framework/src/Illuminate/Database/Connection.php(1231): call_user_func()
#6 C:/Users/USER/StudioProjects/Miftah Alumni Hub/miftah_api/vendor/laravel/framework/src/Illuminate/Database/Connection.php(1267): Illuminate/Database/Connection->getPdo()
#7 C:/Users/USER/StudioProjects/Miftah Alumni Hub/miftah_api/vendor/laravel/framework/src/Illuminate/Database/Connection.php(512): Illuminate/Database/Connection->getReadPdo()
#8 C:/Users/USER/StudioProjects/Miftah Alumni Hub/miftah_api/vendor/laravel/framework/src/Illuminate/Database/Connection.php(407): Illuminate/Database/Connection->getPdoForSelect()
#9 C:/Users/USER/StudioProjects/Miftah Alumni Hub/miftah_api/vendor/laravel/framework/src/Illuminate/Database/Connection.php(812): Illuminate/Database/Connection->{closure:Illuminate/Database/Connection::select():398}()
#10 C:/Users/USER/StudioProjects/Miftah Alumni Hub/miftah_api/vendor/laravel/framework/src/Illuminate/Database/Connection.php(779): Illuminate/Database/Connection->runQueryCallback()
#11 C:/Users/USER/StudioProjects/Miftah Alumni Hub/miftah_api/vendor/laravel/framework/src/Illuminate/Database/Connection.php(398): Illuminate/Database/Connection->run()
#12 C:/Users/USER/StudioProjects/Miftah Alumni Hub/miftah_api/vendor/laravel/framework/src/Illuminate/Database/Connection.php(344): Illuminate/Database/Connection->select()
#13 C:/Users/USER/StudioProjects/Miftah Alumni Hub/miftah_api/vendor/laravel/framework/src/Illuminate/Database/Connection.php(361): Illuminate/Database/Connection->selectOne()
#14 C:/Users/USER/StudioProjects/Miftah Alumni Hub/miftah_api/vendor/laravel/framework/src/Illuminate/Database/Schema/MySqlBuilder.php(45): Illuminate/Database/Connection->scalar()
#15 C:/Users/USER/StudioProjects/Miftah Alumni Hub/miftah_api/vendor/laravel/framework/src/Illuminate/Database/Migrations/DatabaseMigrationRepository.php(184): Illuminate/Database/Schema/MySqlBuilder->hasTable()
#16 C:/Users/USER/StudioProjects/Miftah Alumni Hub/miftah_api/vendor/laravel/framework/src/Illuminate/Database/Migrations/Migrator.php(742): Illuminate/Database/Migrations/DatabaseMigrationRepository->repositoryExists()
#17 C:/Users/USER/StudioProjects/Miftah Alumni Hub/miftah_api/vendor/laravel/framework/src/Illuminate/Database/Console/Migrations/StatusCommand.php(56): Illuminate/Database/Migrations/Migrator->repositoryExists()
#18 C:/Users/USER/StudioProjects/Miftah Alumni Hub/miftah_api/vendor/laravel/framework/src/Illuminate/Database/Migrations/Migrator.php(658): Illuminate/Database/Console/Migrations/StatusCommand->{closure:Illuminate/Database/Console/Migrations/StatusCommand::handle():55}()
#19 C:/Users/USER/StudioProjects/Miftah Alumni Hub/miftah_api/vendor/laravel/framework/src/Illuminate/Database/Console/Migrations/StatusCommand.php(55): Illuminate/Database/Migrations/Migrator->usingConnection()
#20 C:/Users/USER/StudioProjects/Miftah Alumni Hub/miftah_api/vendor/laravel/framework/src/Illuminate/Container/BoundMethod.php(36): Illuminate/Database/Console/Migrations/StatusCommand->handle()
#21 C:/Users/USER/StudioProjects/Miftah Alumni Hub/miftah_api/vendor/laravel/framework/src/Illuminate/Container/Util.php(43): Illuminate/Container/BoundMethod::{closure:Illuminate/Container/BoundMethod::call():35}()
#22 C:/Users/USER/StudioProjects/Miftah Alumni Hub/miftah_api/vendor/laravel/framework/src/Illuminate/Container/BoundMethod.php(95): Illuminate/Container/Util::unwrapIfClosure()
#23 C:/Users/USER/StudioProjects/Miftah Alumni Hub/miftah_api/vendor/laravel/framework/src/Illuminate/Container/BoundMethod.php(35): Illuminate/Container/BoundMethod::callBoundMethod()
#24 C:/Users/USER/StudioProjects/Miftah Alumni Hub/miftah_api/vendor/laravel/framework/src/Illuminate/Container/Container.php(696): Illuminate/Container/BoundMethod::call()
#25 C:/Users/USER/StudioProjects/Miftah Alumni Hub/miftah_api/vendor/laravel/framework/src/Illuminate/Console/Command.php(213): Illuminate/Container/Container->call()
#26 C:/Users/USER/StudioProjects/Miftah Alumni Hub/miftah_api/vendor/symfony/console/Command/Command.php(341): Illuminate/Console/Command->execute()
#27 C:/Users/USER/StudioProjects/Miftah Alumni Hub/miftah_api/vendor/laravel/framework/src/Illuminate/Console/Command.php(182): Symfony/Component/Console/Command/Command->run()
#28 C:/Users/USER/StudioProjects/Miftah Alumni Hub/miftah_api/vendor/symfony/console/Application.php(1117): Illuminate/Console/Command->run()
#29 C:/Users/USER/StudioProjects/Miftah Alumni Hub/miftah_api/vendor/symfony/console/Application.php(356): Symfony/Component/Console/Application->doRunCommand()
#30 C:/Users/USER/StudioProjects/Miftah Alumni Hub/miftah_api/vendor/symfony/console/Application.php(195): Symfony/Component/Console/Application->doRun()
#31 C:/Users/USER/StudioProjects/Miftah Alumni Hub/miftah_api/vendor/laravel/framework/src/Illuminate/Foundation/Console/Kernel.php(198): Symfony/Component/Console/Application->run()
#32 C:/Users/USER/StudioProjects/Miftah Alumni Hub/miftah_api/vendor/laravel/framework/src/Illuminate/Foundation/Application.php(1235): Illuminate/Foundation/Console/Kernel->handle()
#33 C:/Users/USER/StudioProjects/Miftah Alumni Hub/miftah_api/artisan(13): Illuminate/Foundation/Application->handleCommand()
#34 {main}
"} 
[2026-05-29 08:44:31] local.ERROR: SQLSTATE[HY000] [1045] Access denied for user 'daynappc_miftah_user'@'localhost' (using password: YES) (Connection: mysql, SQL: select variable_value as `Value` from performance_schema.session_status where variable_name = 'threads_connected') {"exception":"[object] (Illuminate\\Database\\QueryException(code: 1045): SQLSTATE[HY000] [1045] Access denied for user 'daynappc_miftah_user'@'localhost' (using password: YES) (Connection: mysql, SQL: select variable_value as `Value` from performance_schema.session_status where variable_name = 'threads_connected') at C:/Users/USER/StudioProjects/Miftah Alumni Hub/miftah_api/vendor/laravel/framework/src/Illuminate/Database/Connection.php:825)
[stacktrace]
#0 C:/Users/USER/StudioProjects/Miftah Alumni Hub/miftah_api/vendor/laravel/framework/src/Illuminate/Database/Connection.php(779): Illuminate/Database/Connection->runQueryCallback()
#1 C:/Users/USER/StudioProjects/Miftah Alumni Hub/miftah_api/vendor/laravel/framework/src/Illuminate/Database/Connection.php(398): Illuminate/Database/Connection->run()
#2 C:/Users/USER/StudioProjects/Miftah Alumni Hub/miftah_api/vendor/laravel/framework/src/Illuminate/Database/Connection.php(344): Illuminate/Database/Connection->select()
#3 C:/Users/USER/StudioProjects/Miftah Alumni Hub/miftah_api/vendor/laravel/framework/src/Illuminate/Database/Connection.php(361): Illuminate/Database/Connection->selectOne()
#4 C:/Users/USER/StudioProjects/Miftah Alumni Hub/miftah_api/vendor/laravel/framework/src/Illuminate/Database/Connection.php(636): Illuminate/Database/Connection->scalar()
#5 C:/Users/USER/StudioProjects/Miftah Alumni Hub/miftah_api/vendor/laravel/framework/src/Illuminate/Database/Console/MonitorCommand.php(89): Illuminate/Database/Connection->threadCount()
#6 [internal function]: Illuminate/Database/Console/MonitorCommand->{closure:Illuminate/Database/Console/MonitorCommand::parseDatabases():82}()
#7 C:/Users/USER/StudioProjects/Miftah Alumni Hub/miftah_api/vendor/laravel/framework/src/Illuminate/Collections/Arr.php(609): array_map()
#8 C:/Users/USER/StudioProjects/Miftah Alumni Hub/miftah_api/vendor/laravel/framework/src/Illuminate/Collections/Collection.php(799): Illuminate/Support/Arr::map()
#9 C:/Users/USER/StudioProjects/Miftah Alumni Hub/miftah_api/vendor/laravel/framework/src/Illuminate/Database/Console/MonitorCommand.php(82): Illuminate/Support/Collection->map()
#10 C:/Users/USER/StudioProjects/Miftah Alumni Hub/miftah_api/vendor/laravel/framework/src/Illuminate/Database/Console/MonitorCommand.php(65): Illuminate/Database/Console/MonitorCommand->parseDatabases()
#11 C:/Users/USER/StudioProjects/Miftah Alumni Hub/miftah_api/vendor/laravel/framework/src/Illuminate/Container/BoundMethod.php(36): Illuminate/Database/Console/MonitorCommand->handle()
#12 C:/Users/USER/StudioProjects/Miftah Alumni Hub/miftah_api/vendor/laravel/framework/src/Illuminate/Container/Util.php(43): Illuminate/Container/BoundMethod::{closure:Illuminate/Container/BoundMethod::call():35}()
#13 C:/Users/USER/StudioProjects/Miftah Alumni Hub/miftah_api/vendor/laravel/framework/src/Illuminate/Container/BoundMethod.php(95): Illuminate/Container/Util::unwrapIfClosure()
#14 C:/Users/USER/StudioProjects/Miftah Alumni Hub/miftah_api/vendor/laravel/framework/src/Illuminate/Container/BoundMethod.php(35): Illuminate/Container/BoundMethod::callBoundMethod()
#15 C:/Users/USER/StudioProjects/Miftah Alumni Hub/miftah_api/vendor/laravel/framework/src/Illuminate/Container/Container.php(696): Illuminate/Container/BoundMethod::call()
#16 C:/Users/USER/StudioProjects/Miftah Alumni Hub/miftah_api/vendor/laravel/framework/src/Illuminate/Console/Command.php(213): Illuminate/Container/Container->call()
#17 C:/Users/USER/StudioProjects/Miftah Alumni Hub/miftah_api/vendor/symfony/console/Command/Command.php(341): Illuminate/Console/Command->execute()
#18 C:/Users/USER/StudioProjects/Miftah Alumni Hub/miftah_api/vendor/laravel/framework/src/Illuminate/Console/Command.php(182): Symfony/Component/Console/Command/Command->run()
#19 C:/Users/USER/StudioProjects/Miftah Alumni Hub/miftah_api/vendor/symfony/console/Application.php(1117): Illuminate/Console/Command->run()
#20 C:/Users/USER/StudioProjects/Miftah Alumni Hub/miftah_api/vendor/symfony/console/Application.php(356): Symfony/Component/Console/Application->doRunCommand()
#21 C:/Users/USER/StudioProjects/Miftah Alumni Hub/miftah_api/vendor/symfony/console/Application.php(195): Symfony/Component/Console/Application->doRun()
#22 C:/Users/USER/StudioProjects/Miftah Alumni Hub/miftah_api/vendor/laravel/framework/src/Illuminate/Foundation/Console/Kernel.php(198): Symfony/Component/Console/Application->run()
#23 C:/Users/USER/StudioProjects/Miftah Alumni Hub/miftah_api/vendor/laravel/framework/src/Illuminate/Foundation/Application.php(1235): Illuminate/Foundation/Console/Kernel->handle()
#24 C:/Users/USER/StudioProjects/Miftah Alumni Hub/miftah_api/artisan(13): Illuminate/Foundation/Application->handleCommand()
#25 {main}

[previous exception] [object] (PDOException(code: 1045): SQLSTATE[HY000] [1045] Access denied for user 'daynappc_miftah_user'@'localhost' (using password: YES) at C:/Users/USER/StudioProjects/Miftah Alumni Hub/miftah_api/vendor/laravel/framework/src/Illuminate/Database/Connectors/Connector.php:67)
[stacktrace]
#0 C:/Users/USER/StudioProjects/Miftah Alumni Hub/miftah_api/vendor/laravel/framework/src/Illuminate/Database/Connectors/Connector.php(67): PDO::connect()
#1 C:/Users/USER/StudioProjects/Miftah Alumni Hub/miftah_api/vendor/laravel/framework/src/Illuminate/Database/Connectors/Connector.php(44): Illuminate/Database/Connectors/Connector->createPdoConnection()
#2 C:/Users/USER/StudioProjects/Miftah Alumni Hub/miftah_api/vendor/laravel/framework/src/Illuminate/Database/Connectors/MySqlConnector.php(24): Illuminate/Database/Connectors/Connector->createConnection()
#3 C:/Users/USER/StudioProjects/Miftah Alumni Hub/miftah_api/vendor/laravel/framework/src/Illuminate/Database/Connectors/ConnectionFactory.php(185): Illuminate/Database/Connectors/MySqlConnector->connect()
#4 [internal function]: Illuminate/Database/Connectors/ConnectionFactory->{closure:Illuminate/Database/Connectors/ConnectionFactory::createPdoResolverWithHosts():180}()
#5 C:/Users/USER/StudioProjects/Miftah Alumni Hub/miftah_api/vendor/laravel/framework/src/Illuminate/Database/Connection.php(1231): call_user_func()
#6 C:/Users/USER/StudioProjects/Miftah Alumni Hub/miftah_api/vendor/laravel/framework/src/Illuminate/Database/Connection.php(1267): Illuminate/Database/Connection->getPdo()
#7 C:/Users/USER/StudioProjects/Miftah Alumni Hub/miftah_api/vendor/laravel/framework/src/Illuminate/Database/Connection.php(512): Illuminate/Database/Connection->getReadPdo()
#8 C:/Users/USER/StudioProjects/Miftah Alumni Hub/miftah_api/vendor/laravel/framework/src/Illuminate/Database/Connection.php(407): Illuminate/Database/Connection->getPdoForSelect()
#9 C:/Users/USER/StudioProjects/Miftah Alumni Hub/miftah_api/vendor/laravel/framework/src/Illuminate/Database/Connection.php(812): Illuminate/Database/Connection->{closure:Illuminate/Database/Connection::select():398}()
#10 C:/Users/USER/StudioProjects/Miftah Alumni Hub/miftah_api/vendor/laravel/framework/src/Illuminate/Database/Connection.php(779): Illuminate/Database/Connection->runQueryCallback()
#11 C:/Users/USER/StudioProjects/Miftah Alumni Hub/miftah_api/vendor/laravel/framework/src/Illuminate/Database/Connection.php(398): Illuminate/Database/Connection->run()
#12 C:/Users/USER/StudioProjects/Miftah Alumni Hub/miftah_api/vendor/laravel/framework/src/Illuminate/Database/Connection.php(344): Illuminate/Database/Connection->select()
#13 C:/Users/USER/StudioProjects/Miftah Alumni Hub/miftah_api/vendor/laravel/framework/src/Illuminate/Database/Connection.php(361): Illuminate/Database/Connection->selectOne()
#14 C:/Users/USER/StudioProjects/Miftah Alumni Hub/miftah_api/vendor/laravel/framework/src/Illuminate/Database/Connection.php(636): Illuminate/Database/Connection->scalar()
#15 C:/Users/USER/StudioProjects/Miftah Alumni Hub/miftah_api/vendor/laravel/framework/src/Illuminate/Database/Console/MonitorCommand.php(89): Illuminate/Database/Connection->threadCount()
#16 [internal function]: Illuminate/Database/Console/MonitorCommand->{closure:Illuminate/Database/Console/MonitorCommand::parseDatabases():82}()
#17 C:/Users/USER/StudioProjects/Miftah Alumni Hub/miftah_api/vendor/laravel/framework/src/Illuminate/Collections/Arr.php(609): array_map()
#18 C:/Users/USER/StudioProjects/Miftah Alumni Hub/miftah_api/vendor/laravel/framework/src/Illuminate/Collections/Collection.php(799): Illuminate/Support/Arr::map()
#19 C:/Users/USER/StudioProjects/Miftah Alumni Hub/miftah_api/vendor/laravel/framework/src/Illuminate/Database/Console/MonitorCommand.php(82): Illuminate/Support/Collection->map()
#20 C:/Users/USER/StudioProjects/Miftah Alumni Hub/miftah_api/vendor/laravel/framework/src/Illuminate/Database/Console/MonitorCommand.php(65): Illuminate/Database/Console/MonitorCommand->parseDatabases()
#21 C:/Users/USER/StudioProjects/Miftah Alumni Hub/miftah_api/vendor/laravel/framework/src/Illuminate/Container/BoundMethod.php(36): Illuminate/Database/Console/MonitorCommand->handle()
#22 C:/Users/USER/StudioProjects/Miftah Alumni Hub/miftah_api/vendor/laravel/framework/src/Illuminate/Container/Util.php(43): Illuminate/Container/BoundMethod::{closure:Illuminate/Container/BoundMethod::call():35}()
#23 C:/Users/USER/StudioProjects/Miftah Alumni Hub/miftah_api/vendor/laravel/framework/src/Illuminate/Container/BoundMethod.php(95): Illuminate/Container/Util::unwrapIfClosure()
#24 C:/Users/USER/StudioProjects/Miftah Alumni Hub/miftah_api/vendor/laravel/framework/src/Illuminate/Container/BoundMethod.php(35): Illuminate/Container/BoundMethod::callBoundMethod()
#25 C:/Users/USER/StudioProjects/Miftah Alumni Hub/miftah_api/vendor/laravel/framework/src/Illuminate/Container/Container.php(696): Illuminate/Container/BoundMethod::call()
#26 C:/Users/USER/StudioProjects/Miftah Alumni Hub/miftah_api/vendor/laravel/framework/src/Illuminate/Console/Command.php(213): Illuminate/Container/Container->call()
#27 C:/Users/USER/StudioProjects/Miftah Alumni Hub/miftah_api/vendor/symfony/console/Command/Command.php(341): Illuminate/Console/Command->execute()
#28 C:/Users/USER/StudioProjects/Miftah Alumni Hub/miftah_api/vendor/laravel/framework/src/Illuminate/Console/Command.php(182): Symfony/Component/Console/Command/Command->run()
#29 C:/Users/USER/StudioProjects/Miftah Alumni Hub/miftah_api/vendor/symfony/console/Application.php(1117): Illuminate/Console/Command->run()
#30 C:/Users/USER/StudioProjects/Miftah Alumni Hub/miftah_api/vendor/symfony/console/Application.php(356): Symfony/Component/Console/Application->doRunCommand()
#31 C:/Users/USER/StudioProjects/Miftah Alumni Hub/miftah_api/vendor/symfony/console/Application.php(195): Symfony/Component/Console/Application->doRun()
#32 C:/Users/USER/StudioProjects/Miftah Alumni Hub/miftah_api/vendor/laravel/framework/src/Illuminate/Foundation/Console/Kernel.php(198): Symfony/Component/Console/Application->run()
#33 C:/Users/USER/StudioProjects/Miftah Alumni Hub/miftah_api/vendor/laravel/framework/src/Illuminate/Foundation/Application.php(1235): Illuminate/Foundation/Console/Kernel->handle()
#34 C:/Users/USER/StudioProjects/Miftah Alumni Hub/miftah_api/artisan(13): Illuminate/Foundation/Application->handleCommand()
#35 {main}
"} 
[2026-06-03 11:05:01] local.ERROR: SQLSTATE[HY000] [1045] Access denied for user 'daynappc_miftah_user'@'localhost' (using password: YES) (Connection: mysql, SQL: select exists (select 1 from information_schema.tables where table_schema = 'daynappc_miftah_api_db' and table_name = 'migrations' and table_type in ('BASE TABLE', 'SYSTEM VERSIONED')) as `exists`) {"exception":"[object] (Illuminate\\Database\\QueryException(code: 1045): SQLSTATE[HY000] [1045] Access denied for user 'daynappc_miftah_user'@'localhost' (using password: YES) (Connection: mysql, SQL: select exists (select 1 from information_schema.tables where table_schema = 'daynappc_miftah_api_db' and table_name = 'migrations' and table_type in ('BASE TABLE', 'SYSTEM VERSIONED')) as `exists`) at C:/Users/USER/StudioProjects/Miftah Alumni Hub/miftah_api/vendor/laravel/framework/src/Illuminate/Database/Connection.php:825)
[stacktrace]
#0 C:/Users/USER/StudioProjects/Miftah Alumni Hub/miftah_api/vendor/laravel/framework/src/Illuminate/Database/Connection.php(779): Illuminate/Database/Connection->runQueryCallback()
#1 C:/Users/USER/StudioProjects/Miftah Alumni Hub/miftah_api/vendor/laravel/framework/src/Illuminate/Database/Connection.php(398): Illuminate/Database/Connection->run()
#2 C:/Users/USER/StudioProjects/Miftah Alumni Hub/miftah_api/vendor/laravel/framework/src/Illuminate/Database/Connection.php(344): Illuminate/Database/Connection->select()
#3 C:/Users/USER/StudioProjects/Miftah Alumni Hub/miftah_api/vendor/laravel/framework/src/Illuminate/Database/Connection.php(361): Illuminate/Database/Connection->selectOne()
#4 C:/Users/USER/StudioProjects/Miftah Alumni Hub/miftah_api/vendor/laravel/framework/src/Illuminate/Database/Schema/MySqlBuilder.php(45): Illuminate/Database/Connection->scalar()
#5 C:/Users/USER/StudioProjects/Miftah Alumni Hub/miftah_api/vendor/laravel/framework/src/Illuminate/Database/Migrations/DatabaseMigrationRepository.php(184): Illuminate/Database/Schema/MySqlBuilder->hasTable()
#6 C:/Users/USER/StudioProjects/Miftah Alumni Hub/miftah_api/vendor/laravel/framework/src/Illuminate/Database/Migrations/Migrator.php(742): Illuminate/Database/Migrations/DatabaseMigrationRepository->repositoryExists()
#7 C:/Users/USER/StudioProjects/Miftah Alumni Hub/miftah_api/vendor/laravel/framework/src/Illuminate/Database/Console/Migrations/StatusCommand.php(56): Illuminate/Database/Migrations/Migrator->repositoryExists()
#8 C:/Users/USER/StudioProjects/Miftah Alumni Hub/miftah_api/vendor/laravel/framework/src/Illuminate/Database/Migrations/Migrator.php(658): Illuminate/Database/Console/Migrations/StatusCommand->{closure:Illuminate/Database/Console/Migrations/StatusCommand::handle():55}()
#9 C:/Users/USER/StudioProjects/Miftah Alumni Hub/miftah_api/vendor/laravel/framework/src/Illuminate/Database/Console/Migrations/StatusCommand.php(55): Illuminate/Database/Migrations/Migrator->usingConnection()
#10 C:/Users/USER/StudioProjects/Miftah Alumni Hub/miftah_api/vendor/laravel/framework/src/Illuminate/Container/BoundMethod.php(36): Illuminate/Database/Console/Migrations/StatusCommand->handle()
#11 C:/Users/USER/StudioProjects/Miftah Alumni Hub/miftah_api/vendor/laravel/framework/src/Illuminate/Container/Util.php(43): Illuminate/Container/BoundMethod::{closure:Illuminate/Container/BoundMethod::call():35}()
#12 C:/Users/USER/StudioProjects/Miftah Alumni Hub/miftah_api/vendor/laravel/framework/src/Illuminate/Container/BoundMethod.php(95): Illuminate/Container/Util::unwrapIfClosure()
#13 C:/Users/USER/StudioProjects/Miftah Alumni Hub/miftah_api/vendor/laravel/framework/src/Illuminate/Container/BoundMethod.php(35): Illuminate/Container/BoundMethod::callBoundMethod()
#14 C:/Users/USER/StudioProjects/Miftah Alumni Hub/miftah_api/vendor/laravel/framework/src/Illuminate/Container/Container.php(696): Illuminate/Container/BoundMethod::call()
#15 C:/Users/USER/StudioProjects/Miftah Alumni Hub/miftah_api/vendor/laravel/framework/src/Illuminate/Console/Command.php(213): Illuminate/Container/Container->call()
#16 C:/Users/USER/StudioProjects/Miftah Alumni Hub/miftah_api/vendor/symfony/console/Command/Command.php(341): Illuminate/Console/Command->execute()
#17 C:/Users/USER/StudioProjects/Miftah Alumni Hub/miftah_api/vendor/laravel/framework/src/Illuminate/Console/Command.php(182): Symfony/Component/Console/Command/Command->run()
#18 C:/Users/USER/StudioProjects/Miftah Alumni Hub/miftah_api/vendor/symfony/console/Application.php(1117): Illuminate/Console/Command->run()
#19 C:/Users/USER/StudioProjects/Miftah Alumni Hub/miftah_api/vendor/symfony/console/Application.php(356): Symfony/Component/Console/Application->doRunCommand()
#20 C:/Users/USER/StudioProjects/Miftah Alumni Hub/miftah_api/vendor/symfony/console/Application.php(195): Symfony/Component/Console/Application->doRun()
#21 C:/Users/USER/StudioProjects/Miftah Alumni Hub/miftah_api/vendor/laravel/framework/src/Illuminate/Foundation/Console/Kernel.php(198): Symfony/Component/Console/Application->run()
#22 C:/Users/USER/StudioProjects/Miftah Alumni Hub/miftah_api/vendor/laravel/framework/src/Illuminate/Foundation/Application.php(1235): Illuminate/Foundation/Console/Kernel->handle()
#23 C:/Users/USER/StudioProjects/Miftah Alumni Hub/miftah_api/artisan(13): Illuminate/Foundation/Application->handleCommand()
#24 {main}

[previous exception] [object] (PDOException(code: 1045): SQLSTATE[HY000] [1045] Access denied for user 'daynappc_miftah_user'@'localhost' (using password: YES) at C:/Users/USER/StudioProjects/Miftah Alumni Hub/miftah_api/vendor/laravel/framework/src/Illuminate/Database/Connectors/Connector.php:67)
[stacktrace]
#0 C:/Users/USER/StudioProjects/Miftah Alumni Hub/miftah_api/vendor/laravel/framework/src/Illuminate/Database/Connectors/Connector.php(67): PDO::connect()
#1 C:/Users/USER/StudioProjects/Miftah Alumni Hub/miftah_api/vendor/laravel/framework/src/Illuminate/Database/Connectors/Connector.php(44): Illuminate/Database/Connectors/Connector->createPdoConnection()
#2 C:/Users/USER/StudioProjects/Miftah Alumni Hub/miftah_api/vendor/laravel/framework/src/Illuminate/Database/Connectors/MySqlConnector.php(24): Illuminate/Database/Connectors/Connector->createConnection()
#3 C:/Users/USER/StudioProjects/Miftah Alumni Hub/miftah_api/vendor/laravel/framework/src/Illuminate/Database/Connectors/ConnectionFactory.php(185): Illuminate/Database/Connectors/MySqlConnector->connect()
#4 [internal function]: Illuminate/Database/Connectors/ConnectionFactory->{closure:Illuminate/Database/Connectors/ConnectionFactory::createPdoResolverWithHosts():180}()
#5 C:/Users/USER/StudioProjects/Miftah Alumni Hub/miftah_api/vendor/laravel/framework/src/Illuminate/Database/Connection.php(1231): call_user_func()
#6 C:/Users/USER/StudioProjects/Miftah Alumni Hub/miftah_api/vendor/laravel/framework/src/Illuminate/Database/Connection.php(1267): Illuminate/Database/Connection->getPdo()
#7 C:/Users/USER/StudioProjects/Miftah Alumni Hub/miftah_api/vendor/laravel/framework/src/Illuminate/Database/Connection.php(512): Illuminate/Database/Connection->getReadPdo()
#8 C:/Users/USER/StudioProjects/Miftah Alumni Hub/miftah_api/vendor/laravel/framework/src/Illuminate/Database/Connection.php(407): Illuminate/Database/Connection->getPdoForSelect()
#9 C:/Users/USER/StudioProjects/Miftah Alumni Hub/miftah_api/vendor/laravel/framework/src/Illuminate/Database/Connection.php(812): Illuminate/Database/Connection->{closure:Illuminate/Database/Connection::select():398}()
#10 C:/Users/USER/StudioProjects/Miftah Alumni Hub/miftah_api/vendor/laravel/framework/src/Illuminate/Database/Connection.php(779): Illuminate/Database/Connection->runQueryCallback()
#11 C:/Users/USER/StudioProjects/Miftah Alumni Hub/miftah_api/vendor/laravel/framework/src/Illuminate/Database/Connection.php(398): Illuminate/Database/Connection->run()
#12 C:/Users/USER/StudioProjects/Miftah Alumni Hub/miftah_api/vendor/laravel/framework/src/Illuminate/Database/Connection.php(344): Illuminate/Database/Connection->select()
#13 C:/Users/USER/StudioProjects/Miftah Alumni Hub/miftah_api/vendor/laravel/framework/src/Illuminate/Database/Connection.php(361): Illuminate/Database/Connection->selectOne()
#14 C:/Users/USER/StudioProjects/Miftah Alumni Hub/miftah_api/vendor/laravel/framework/src/Illuminate/Database/Schema/MySqlBuilder.php(45): Illuminate/Database/Connection->scalar()
#15 C:/Users/USER/StudioProjects/Miftah Alumni Hub/miftah_api/vendor/laravel/framework/src/Illuminate/Database/Migrations/DatabaseMigrationRepository.php(184): Illuminate/Database/Schema/MySqlBuilder->hasTable()
#16 C:/Users/USER/StudioProjects/Miftah Alumni Hub/miftah_api/vendor/laravel/framework/src/Illuminate/Database/Migrations/Migrator.php(742): Illuminate/Database/Migrations/DatabaseMigrationRepository->repositoryExists()
#17 C:/Users/USER/StudioProjects/Miftah Alumni Hub/miftah_api/vendor/laravel/framework/src/Illuminate/Database/Console/Migrations/StatusCommand.php(56): Illuminate/Database/Migrations/Migrator->repositoryExists()
#18 C:/Users/USER/StudioProjects/Miftah Alumni Hub/miftah_api/vendor/laravel/framework/src/Illuminate/Database/Migrations/Migrator.php(658): Illuminate/Database/Console/Migrations/StatusCommand->{closure:Illuminate/Database/Console/Migrations/StatusCommand::handle():55}()
#19 C:/Users/USER/StudioProjects/Miftah Alumni Hub/miftah_api/vendor/laravel/framework/src/Illuminate/Database/Console/Migrations/StatusCommand.php(55): Illuminate/Database/Migrations/Migrator->usingConnection()
#20 C:/Users/USER/StudioProjects/Miftah Alumni Hub/miftah_api/vendor/laravel/framework/src/Illuminate/Container/BoundMethod.php(36): Illuminate/Database/Console/Migrations/StatusCommand->handle()
#21 C:/Users/USER/StudioProjects/Miftah Alumni Hub/miftah_api/vendor/laravel/framework/src/Illuminate/Container/Util.php(43): Illuminate/Container/BoundMethod::{closure:Illuminate/Container/BoundMethod::call():35}()
#22 C:/Users/USER/StudioProjects/Miftah Alumni Hub/miftah_api/vendor/laravel/framework/src/Illuminate/Container/BoundMethod.php(95): Illuminate/Container/Util::unwrapIfClosure()
#23 C:/Users/USER/StudioProjects/Miftah Alumni Hub/miftah_api/vendor/laravel/framework/src/Illuminate/Container/BoundMethod.php(35): Illuminate/Container/BoundMethod::callBoundMethod()
#24 C:/Users/USER/StudioProjects/Miftah Alumni Hub/miftah_api/vendor/laravel/framework/src/Illuminate/Container/Container.php(696): Illuminate/Container/BoundMethod::call()
#25 C:/Users/USER/StudioProjects/Miftah Alumni Hub/miftah_api/vendor/laravel/framework/src/Illuminate/Console/Command.php(213): Illuminate/Container/Container->call()
#26 C:/Users/USER/StudioProjects/Miftah Alumni Hub/miftah_api/vendor/symfony/console/Command/Command.php(341): Illuminate/Console/Command->execute()
#27 C:/Users/USER/StudioProjects/Miftah Alumni Hub/miftah_api/vendor/laravel/framework/src/Illuminate/Console/Command.php(182): Symfony/Component/Console/Command/Command->run()
#28 C:/Users/USER/StudioProjects/Miftah Alumni Hub/miftah_api/vendor/symfony/console/Application.php(1117): Illuminate/Console/Command->run()
#29 C:/Users/USER/StudioProjects/Miftah Alumni Hub/miftah_api/vendor/symfony/console/Application.php(356): Symfony/Component/Console/Application->doRunCommand()
#30 C:/Users/USER/StudioProjects/Miftah Alumni Hub/miftah_api/vendor/symfony/console/Application.php(195): Symfony/Component/Console/Application->doRun()
#31 C:/Users/USER/StudioProjects/Miftah Alumni Hub/miftah_api/vendor/laravel/framework/src/Illuminate/Foundation/Console/Kernel.php(198): Symfony/Component/Console/Application->run()
#32 C:/Users/USER/StudioProjects/Miftah Alumni Hub/miftah_api/vendor/laravel/framework/src/Illuminate/Foundation/Application.php(1235): Illuminate/Foundation/Console/Kernel->handle()
#33 C:/Users/USER/StudioProjects/Miftah Alumni Hub/miftah_api/artisan(13): Illuminate/Foundation/Application->handleCommand()
#34 {main}
"} 
